2026-07-22T07:45:32.624+05:30  INFO 2767 --- [backend-atlas] [restartedMain] c.backendatlas.BackendAtlasApplication   : Starting BackendAtlasApplication using Java 21.0.11 with PID 2767 (/Users/a1989/Documents/backend-deep-dive/backend-atlas/target/classes started by a1989 in /Users/a1989/Documents/backend-deep-dive/backend-atlas)
2026-07-22T07:45:32.624+05:30  INFO 2767 --- [backend-atlas] [restartedMain] c.backendatlas.BackendAtlasApplication   : No active profile set, falling back to 1 default profile: "default"
2026-07-22T07:45:32.931+05:30  INFO 2767 --- [backend-atlas] [restartedMain] .s.d.r.c.RepositoryConfigurationDelegate : Multiple Spring Data modules found, entering strict repository configuration mode
2026-07-22T07:45:32.932+05:30  INFO 2767 --- [backend-atlas] [restartedMain] .s.d.r.c.RepositoryConfigurationDelegate : Bootstrapping Spring Data JPA repositories in DEFAULT mode.
2026-07-22T07:45:32.944+05:30  INFO 2767 --- [backend-atlas] [restartedMain] .s.d.r.c.RepositoryConfigurationDelegate : Finished Spring Data repository scanning in 3 ms. Found 0 JPA repository interfaces.
2026-07-22T07:45:32.954+05:30  INFO 2767 --- [backend-atlas] [restartedMain] .s.d.r.c.RepositoryConfigurationDelegate : Multiple Spring Data modules found, entering strict repository configuration mode
2026-07-22T07:45:32.955+05:30  INFO 2767 --- [backend-atlas] [restartedMain] .s.d.r.c.RepositoryConfigurationDelegate : Bootstrapping Spring Data Redis repositories in DEFAULT mode.
2026-07-22T07:45:32.961+05:30  INFO 2767 --- [backend-atlas] [restartedMain] .s.d.r.c.RepositoryConfigurationDelegate : Finished Spring Data repository scanning in 2 ms. Found 0 Redis repository interfaces.
2026-07-22T07:45:33.254+05:30  INFO 2767 --- [backend-atlas] [restartedMain] o.s.boot.tomcat.TomcatWebServer          : Tomcat initialized with port 8080 (http)
2026-07-22T07:45:33.255+05:30  INFO 2767 --- [backend-atlas] [restartedMain] o.apache.catalina.core.StandardService   : Starting service [Tomcat]
2026-07-22T07:45:33.256+05:30  INFO 2767 --- [backend-atlas] [restartedMain] o.apache.catalina.core.StandardEngine    : Starting Servlet engine: [Apache Tomcat/11.0.22]
2026-07-22T07:45:33.282+05:30  INFO 2767 --- [backend-atlas] [restartedMain] b.w.c.s.WebApplicationContextInitializer : Root WebApplicationContext: initialization completed in 656 ms
2026-07-22T07:45:33.378+05:30  INFO 2767 --- [backend-atlas] [restartedMain] com.zaxxer.hikari.HikariDataSource       : HikariPool-5 - Starting...
2026-07-22T07:45:33.390+05:30  INFO 2767 --- [backend-atlas] [restartedMain] com.zaxxer.hikari.pool.HikariPool        : HikariPool-5 - Added connection org.postgresql.jdbc.PgConnection@7895d059
2026-07-22T07:45:33.391+05:30  INFO 2767 --- [backend-atlas] [restartedMain] com.zaxxer.hikari.HikariDataSource       : HikariPool-5 - Start completed.
2026-07-22T07:45:33.394+05:30  INFO 2767 --- [backend-atlas] [restartedMain] org.flywaydb.core.FlywayExecutor         : Database: jdbc:postgresql://localhost:5432/atlas (PostgreSQL 17.10)
2026-07-22T07:45:33.413+05:30  INFO 2767 --- [backend-atlas] [restartedMain] o.f.core.internal.command.DbValidate     : Successfully validated 0 migrations (execution time 00:00.007s)
2026-07-22T07:45:33.413+05:30  WARN 2767 --- [backend-atlas] [restartedMain] o.f.core.internal.command.DbValidate     : No migrations found. Are your locations set up correctly?
2026-07-22T07:45:33.434+05:30  INFO 2767 --- [backend-atlas] [restartedMain] o.f.core.internal.command.DbMigrate      : Current version of schema "public": << Empty Schema >>
2026-07-22T07:45:33.435+05:30  INFO 2767 --- [backend-atlas] [restartedMain] o.f.core.internal.command.DbMigrate      : Schema "public" is up to date. No migration necessary.
2026-07-22T07:45:33.453+05:30  INFO 2767 --- [backend-atlas] [restartedMain] org.hibernate.orm.jpa                    : HHH008540: Processing PersistenceUnitInfo [name: default]
2026-07-22T07:45:33.481+05:30  INFO 2767 --- [backend-atlas] [restartedMain] o.s.o.j.p.SpringPersistenceUnitInfo      : No LoadTimeWeaver setup: ignoring JPA class transformer
2026-07-22T07:45:33.488+05:30  INFO 2767 --- [backend-atlas] [restartedMain] org.hibernate.orm.connections.pooling    : HHH10001005: Database info:
	Database JDBC URL [jdbc:postgresql://localhost:5432/atlas]
	Database driver: PostgreSQL JDBC Driver
	Database dialect: PostgreSQLDialect
	Database version: 17.10
	Default catalog/schema: atlas/public
	Autocommit mode: undefined/unknown
	Isolation level: READ_COMMITTED [default READ_COMMITTED]
	JDBC fetch size: none
	Pool: DataSourceConnectionProvider
	Minimum pool size: undefined/unknown
	Maximum pool size: undefined/unknown
2026-07-22T07:45:33.514+05:30  INFO 2767 --- [backend-atlas] [restartedMain] org.hibernate.orm.core                   : HHH000489: No JTA platform available (set 'hibernate.transaction.jta.platform' to enable JTA platform integration)
2026-07-22T07:45:33.515+05:30  INFO 2767 --- [backend-atlas] [restartedMain] j.LocalContainerEntityManagerFactoryBean : Initialized JPA EntityManagerFactory for persistence unit 'default'
2026-07-22T07:45:33.565+05:30  WARN 2767 --- [backend-atlas] [restartedMain] JpaBaseConfiguration$JpaWebConfiguration : spring.jpa.open-in-view is enabled by default. Therefore, database queries may be performed during view rendering. Explicitly configure spring.jpa.open-in-view to disable this warning
2026-07-22T07:45:33.903+05:30  INFO 2767 --- [backend-atlas] [restartedMain] o.s.b.a.e.web.EndpointLinksResolver      : Exposing 1 endpoint beneath base path '/actuator'
2026-07-22T07:45:33.918+05:30  INFO 2767 --- [backend-atlas] [restartedMain] o.s.boot.tomcat.TomcatWebServer          : Tomcat started on port 8080 (http) with context path '/'
2026-07-22T07:45:33.921+05:30  INFO 2767 --- [backend-atlas] [restartedMain] c.backendatlas.BackendAtlasApplication   : Started BackendAtlasApplication in 1.314 seconds (process running for 161.484)
2026-07-22T07:45:33.923+05:30  INFO 2767 --- [backend-atlas] [restartedMain] .ConditionEvaluationDeltaLoggingListener : Condition evaluation unchanged
